Arguments: 
  /Users/mac/.nvm/versions/node/v10.16.0/bin/node /Users/mac/.nvm/versions/node/v10.16.0/bin/yarn

PATH: 
  /Users/mac/.nvm/versions/node/v10.16.0/bin:.:/usr/local/bin:/usr/bin:/bin:/usr/sbin:/sbin:.:/Library/Java/JavaVirtualMachines/jdk1.8.0_201.jdk/Contents/Home//bin:/Library/Java/JavaVirtualMachines/jdk1.8.0_201.jdk/Contents/Home//bin

Yarn version: 
  1.17.3

Node version: 
  10.16.0

Platform: 
  darwin x64

Trace: 
  Error: EACCES: permission denied, mkdir '/Users/mac/Desktop/jevonsOfCode/toLearnKoa/node_modules/aproba'

npm manifest: 
  {
    "name": "zhihu-api",
    "version": "1.0.0",
    "description": "learn koa",
    "main": "index.js",
    "scripts": {
      "start": "nodemon app"
    },
    "author": "jevons lee",
    "license": "ISC",
    "dependencies": {
      "koa": "^2.7.0",
      "koa-bodyparser": "^4.2.1",
      "koa-router": "^7.4.0"
    },
    "devDependencies": {
      "nodemon": "^1.19.1"
    }
  }

yarn manifest: 
  No manifest

Lockfile: 
  No lockfile
